07/14/2017 00:00:00 :: PREFIX: !
CMD: test
07/14/2017 00:00:00 :: bot started!
07/14/2017 00:00:00 :: user: BeeStingBot
07/14/2017 00:00:00 :: id: 334703915754979329
07/14/2017 00:00:00 :: bot started!
07/14/2017 00:00:00 :: user: BeeStingBot
07/14/2017 00:00:00 :: id: 334703915754979329
07/14/2017 00:00:00 :: ----------------------
07/14/2017 00:00:00 :: caught unknown cmd
07/14/2017 00:00:00 :: caught unknown cmd
07/14/2017 00:00:00 :: bot started!
07/14/2017 00:00:00 :: user: BeeStingBot
07/14/2017 00:00:00 :: id: 334703915754979329
07/14/2017 00:00:00 :: ----------------------
07/14/2017 00:00:00 :: bot started!
07/14/2017 00:00:00 :: user: BeeStingBot
07/14/2017 00:00:00 :: id: 334703915754979329
07/14/2017 00:00:00 :: ----------------------
07/14/2017 00:00:00 :: caught unknown cmd
07/14/2017 00:00:00 :: bot started!
07/14/2017 00:00:00 :: user: BeeStingBot
07/14/2017 00:00:00 :: id: 334703915754979329
07/14/2017 00:00:00 :: ----------------------
07/14/2017 00:00:00 :: caught unknown cmd
07/14/2017 00:00:00 :: bot started!
07/14/2017 00:00:00 :: user: BeeStingBot
07/14/2017 00:00:00 :: id: 334703915754979329
07/14/2017 00:00:00 :: ----------------------
07/14/2017 00:00:00 :: bot started!
07/14/2017 00:00:00 :: user: BeeStingBot
07/14/2017 00:00:00 :: id: 334703915754979329
07/14/2017 00:00:00 :: ----------------------
07/14/2017 00:00:00 :: bot started!
07/14/2017 00:00:00 :: user: BeeStingBot
07/14/2017 00:00:00 :: id: 334703915754979329
07/14/2017 00:00:00 :: ----------------------
07/14/2017 00:00:00 :: bot started!
07/14/2017 00:00:00 :: user: BeeStingBot
07/14/2017 00:00:00 :: id: 334703915754979329
07/14/2017 00:00:00 :: ----------------------
07/14/2017 00:00:00 :: bot started!
07/14/2017 00:00:00 :: user: BeeStingBot
07/14/2017 00:00:00 :: id: 334703915754979329
07/14/2017 00:00:00 :: ----------------------
07/14/2017 00:00:00 :: bot started!
07/14/2017 00:00:00 :: user: BeeStingBot
07/14/2017 00:00:00 :: id: 334703915754979329
07/14/2017 00:00:00 :: ----------------------
07/14/2017 00:00:00 :: bot started!
07/14/2017 00:00:00 :: user: BeeStingBot
07/14/2017 00:00:00 :: id: 334703915754979329
07/14/2017 00:00:00 :: ----------------------
07/14/2017 00:00:00 :: bot started!
07/14/2017 00:00:00 :: user: BeeStingBot
07/14/2017 00:00:00 :: id: 334703915754979329
07/14/2017 00:00:00 :: ----------------------
07/14/2017 00:00:00 :: bot started!
07/14/2017 00:00:00 :: user: BeeStingBot
07/14/2017 00:00:00 :: id: 334703915754979329
07/14/2017 00:00:00 :: ----------------------
07/14/2017 00:00:00 :: bot started!
07/14/2017 00:00:00 :: user: BeeStingBot
07/14/2017 00:00:00 :: id: 334703915754979329
07/14/2017 00:00:00 :: ----------------------
07/14/2017 00:00:00 :: bot started!
07/14/2017 00:00:00 :: user: BeeStingBot
07/14/2017 00:00:00 :: id: 334703915754979329
07/14/2017 00:00:00 :: ----------------------
07/14/2017 00:00:00 :: bot started!
07/14/2017 00:00:00 :: user: BeeStingBot
07/14/2017 00:00:00 :: id: 334703915754979329
07/14/2017 00:00:00 :: ----------------------
07/14/2017 00:00:00 :: bot started!
07/14/2017 00:00:00 :: user: BeeStingBot
07/14/2017 00:00:00 :: id: 334703915754979329
07/14/2017 00:00:00 :: ----------------------
07/14/2017 00:00:00 :: bot started!
07/14/2017 00:00:00 :: user: BeeStingBot
07/14/2017 00:00:00 :: id: 334703915754979329
07/14/2017 00:00:00 :: ----------------------
07/14/2017 00:00:00 :: bot started!
07/14/2017 00:00:00 :: user: BeeStingBot
07/14/2017 00:00:00 :: id: 334703915754979329
07/14/2017 00:00:00 :: ----------------------
07/14/2017 00:00:00 :: bot started!
07/14/2017 00:00:00 :: user: BeeStingBot
07/14/2017 00:00:00 :: id: 334703915754979329
07/14/2017 00:00:00 :: ----------------------
07/14/2017 00:00:00 :: bot started!
07/14/2017 00:00:00 :: user: BeeStingBot
07/14/2017 00:00:00 :: id: 334703915754979329
07/14/2017 00:00:00 :: ----------------------
07/14/2017 00:00:00 :: bot started!
07/14/2017 00:00:00 :: user: BeeStingBot
07/14/2017 00:00:00 :: id: 334703915754979329
07/14/2017 00:00:00 :: ----------------------
07/14/2017 00:00:00 :: bot started!
07/14/2017 00:00:00 :: user: BeeStingBot
07/14/2017 00:00:00 :: id: 334703915754979329
07/14/2017 00:00:00 :: ----------------------
07/14/2017 00:00:00 :: bot started!
07/14/2017 00:00:00 :: user: BeeStingBot
07/14/2017 00:00:00 :: id: 334703915754979329
07/14/2017 00:00:00 :: ----------------------
07/14/2017 00:00:00 :: bot started!
07/14/2017 00:00:00 :: user: BeeStingBot
07/14/2017 00:00:00 :: id: 334703915754979329
07/14/2017 00:00:00 :: ----------------------
07/14/2017 00:00:00 :: bot started!
07/14/2017 00:00:00 :: user: BeeStingBot
07/14/2017 00:00:00 :: id: 334703915754979329
07/14/2017 00:00:00 :: ----------------------
07/14/2017 00:00:00 :: bot started!
07/14/2017 00:00:00 :: user: BeeStingBot
07/14/2017 00:00:00 :: id: 334703915754979329
07/14/2017 00:00:00 :: ----------------------
07/14/2017 00:00:00 :: bot started!
07/14/2017 00:00:00 :: user: BeeStingBot
07/14/2017 00:00:00 :: id: 334703915754979329
07/14/2017 00:00:00 :: ----------------------
07/14/2017 00:00:00 :: Got results string: 1. Idiot Test - 90% fail
2. FIND OUT WHO YOU REALLY ARE.  VIDEO TEST
3. ✔ Which Nickname is Perfect For You? (Personality Test)
4. DIRTY MIND TEST
5. 12 ILLUSIONS TO TEST YOUR BRAIN
6. FUNNIEST KID TEST ANSWERS!
7. 7 Photos To Test Your Intelligence
8. 10 Hardest Choices Ever (Personality Test)
9. ✔ What is Your True Talent? (Personality Test)
10. LES CHOIX LES PLUS DIFFICILES AU MONDE ! TEST DE PERSONNALITÉ

07/14/2017 00:00:00 :: bot started!
07/14/2017 00:00:00 :: user: BeeStingBot
07/14/2017 00:00:00 :: id: 334703915754979329
07/14/2017 00:00:00 :: ----------------------
07/14/2017 00:00:00 :: Got results string: 1. Artosis still gets trolled by GOM
2. Question Time with Sips - Episode 2 - Poopfeast 420
3. Poopfeast420
4. Artosis gets trolled by GOM
5. Poopfeast420
6. YOGSCAST Livestream Footage - I Interrupt a Livestream
7. POOPFEAST420 GETTING IT DONE.
8. Katawa Shoujo moment with Misha, mtn and poopfeast420
9. PoopFeast-420 - Black Ops Game Clip
10. [HE2] Schmav & Wilbur vs Lasonia & Poopfeast420

07/14/2017 00:00:00 :: bot started!
07/14/2017 00:00:00 :: user: BeeStingBot
07/14/2017 00:00:00 :: id: 334703915754979329
07/14/2017 00:00:00 :: ----------------------
07/14/2017 00:00:00 :: Got results string: 1. Show me potato salad
2. Pot... ato? | Family Feud
3. Let's Play – Family Feud
4. Family Guy "Every Pizza Place Salad"
5. Dark Souls 3 - Evasion Skills Too Strong
6. Family Guy - Becoming Farmers
7. Family Guy - Peter as Ms. Potato Head
8. FamilyGuy Fishing Trip
9. Family Guy Cutscenes The picnic Jude Law Renee Z.
10. The Justice League   Family Guy

07/14/2017 00:00:00 :: <generator object Client.send_message at 0x7f0d5d334678>
07/14/2017 00:00:00 :: bot started!
07/14/2017 00:00:00 :: user: BeeStingBot
07/14/2017 00:00:00 :: id: 334703915754979329
07/14/2017 00:00:00 :: ----------------------
07/14/2017 00:00:00 :: Got results string: 1. Idiot Test - 90% fail
2. FIND OUT WHO YOU REALLY ARE.  VIDEO TEST
3. ✔ Which Nickname is Perfect For You? (Personality Test)
4. DIRTY MIND TEST
5. 12 ILLUSIONS TO TEST YOUR BRAIN
6. FUNNIEST KID TEST ANSWERS!
7. 7 Photos To Test Your Intelligence
8. 10 Hardest Choices Ever (Personality Test)
9. ✔ What is Your True Talent? (Personality Test)
10. LES CHOIX LES PLUS DIFFICILES AU MONDE ! TEST DE PERSONNALITÉ

07/14/2017 00:00:00 :: Got results string: 1. Gregg's Bean Dip - You Suck at Cooking (episode 7)
2. Bean Dip Recipe
3. 7 Layer Dip:Recipe:Mexican Bean: Easy! Super Bowl: How to Make: Di Kometa-Dishin' With Di Recipe #42
4. Frito Lay's Bean Dip - Recipe
5. YOUNG TENNER "BEAN DIP" FT. TALIBAN
6. Bean Dip - Quick, Easy and Delicious in the Vitamix
7. How To Make Cream Cheese Chili Bean Dip
8. Healthy Black Bean Dip Recipe | How To Make Your Own Black Bean Dip
9. YOUNG  TENNER  'BEAN DIP' FT. TALIBAN
10. Broad bean (fava bean) dip
11. How to Make the MOST DELICIOUS BEAN DIP EVER!
12. Bean Dip
13. Easy Cheesy Hot Bean Dip
14. White Bean Dip
15. BLACK BEAN DIP | HCLF Vegan
16. BLACK BEAN DIP RECIPE
17. Quick & Easy Bean Dip Recipe! | VEDA Day 11
18. 7 Layer Bean Dip Video
19. Healthy White Bean Dip Snack-Prep
20. Fritos Jalapeño Bean Dip
21. Bean Dip Recipe That Tastes Like Taco Bell
22. 7 Layer Bean Dip (Nazkitchenfun)
23. Seven-Layer Dip Recipe | Layered Bean Dip | Cait Straight Up
24. Bean Dip
25. How to cook Fava bean dip (bissara) - Moroccan cuisine

07/14/2017 00:00:00 :: bot started!
07/14/2017 00:00:00 :: user: BeeStingBot
07/14/2017 00:00:00 :: id: 334703915754979329
07/14/2017 00:00:00 :: ----------------------
07/14/2017 00:00:00 :: Got results string: 1. How to Make World's Best Potato Salad
2. Potato Salad
3. Perfect Potato Salad - How to Make a Classic American Potato Salad Recipe
4. Classic Potato Salad Recipe with Michael's Home Cooking
5. Auntie Fee's Potato salad
6. Homemade Deli-Style Potato Salad!! Classic Country Style Recipe
7. How to make Southern Potato Salad - Easy Side Dish - I Heart Recipes
8. Best Cauliflower Potato Salad Recipe
9. How to Make Potato Salad | EASY & HEALTHY RECIPE
10. No Mayo Summer Potato Salad with Bacon and Herbs

07/14/2017 00:00:00 :: bot started!
07/14/2017 00:00:00 :: user: BeeStingBot
07/14/2017 00:00:00 :: id: 334703915754979329
07/14/2017 00:00:00 :: ----------------------
07/14/2017 00:00:00 :: Got results string: 1. Idiot Test - 90% fail
2. FIND OUT WHO YOU REALLY ARE.  VIDEO TEST
3. ✔ Which Nickname is Perfect For You? (Personality Test)
4. DIRTY MIND TEST
5. 12 ILLUSIONS TO TEST YOUR BRAIN
6. FUNNIEST KID TEST ANSWERS!
7. 7 Photos To Test Your Intelligence
8. 10 Hardest Choices Ever (Personality Test)
9. ✔ What is Your True Talent? (Personality Test)

07/14/2017 00:00:00 :: Got results string: 
07/14/2017 00:00:00 :: bot started!
07/14/2017 00:00:00 :: user: BeeStingBot
07/14/2017 00:00:00 :: id: 334703915754979329
07/14/2017 00:00:00 :: ----------------------
07/14/2017 00:00:00 :: Got results string: 1. Push It To The Limit (scarface)
2. Eagles- Take It to the Limit (Live 2012 Atlantic City)
3. Joe Walsh - Take It To The Limit - Cleveland - 6/10/17
4. Take It To The Limit Joe Walsh Prudential Center Newark, NJ 6/16/2017
5. Cars 3 "The Limit" Official Trailer
6. Take It To The Limit (Glenn Frey Tribute) - Joe Walsh
7. Richard Marx - Take It To The Limit (Live)
8. Ray, Goodman & Brown ~ Take It To The Limit (Full Album) 1986
9. hinder - take it to the limit

07/14/2017 00:00:00 :: bot started!
07/14/2017 00:00:00 :: user: BeeStingBot
07/14/2017 00:00:00 :: id: 334703915754979329
07/14/2017 00:00:00 :: ----------------------
07/14/2017 00:00:00 :: bot started!
07/14/2017 00:00:00 :: user: BeeStingBot
07/14/2017 00:00:00 :: id: 334703915754979329
07/14/2017 00:00:00 :: ----------------------
07/14/2017 00:00:00 :: bot started!
07/14/2017 00:00:00 :: user: BeeStingBot
07/14/2017 00:00:00 :: id: 334703915754979329
07/14/2017 00:00:00 :: ----------------------
07/14/2017 00:00:00 :: Got results string: 1. Idiot Test - 90% fail
2. FIND OUT WHO YOU REALLY ARE.  VIDEO TEST
3. ✔ Which Nickname is Perfect For You? (Personality Test)
4. DIRTY MIND TEST
5. 12 ILLUSIONS TO TEST YOUR BRAIN
6. FUNNIEST KID TEST ANSWERS!
7. 7 Photos To Test Your Intelligence
8. 10 Hardest Choices Ever (Personality Test)
9. ✔ What is Your True Talent? (Personality Test)

07/14/2017 00:00:00 :: bot started!
07/14/2017 00:00:00 :: user: BeeStingBot
07/14/2017 00:00:00 :: id: 334703915754979329
07/14/2017 00:00:00 :: ----------------------
07/14/2017 00:00:00 :: Got results string: 1. Testing Out Weird Girl Gadgets!
2. Manual Testing Tutorial for Beginners
3. Testing...
4. 7/13 Zarya PTR Graviton Testing
5. TESTING BEAUTY GURUS MAKEUP FAVORITES?! || 5 First Impressions
6. TESTING WATER PROOF MAKEUP
7. Testing FLEXIBILITY Hacks from Pinterest!
8. TESTING 99 CENT STORE PRODUCTS!
9. 1 INGREDIENT SLIME 💦 Testing NO BORAX Recipes
10. TESTING KARDASHIAN /JENNER  PRODUCTS | Niki and Gabi

07/14/2017 00:00:00 :: bot started!
07/14/2017 00:00:00 :: user: BeeStingBot
07/14/2017 00:00:00 :: id: 334703915754979329
07/14/2017 00:00:00 :: ----------------------
07/14/2017 00:00:00 :: Got results string: 1. How Savage Are Blacks In America & Why Is Everyone Afraid To Discuss It?
2. Koomz x Blacks - Be Mine [Music Video]
3. Are Black Guys Violent? (Social Experiment) - Hood Pranks Exposed
4. HIGHLIGHTS: All Blacks v British & Irish Lions Third Test
5. What Koreans Think of Black People | ASIAN BOSS
6. Lions Tour 2017 - Review LIONS v ALL BLACKS - THIRD TEST | The 1014 Episode 44
7. All Blacks POSTMATCH vs Lions 2017 3RD TEST #NZvBIL
8. Chris Rock - Black People VS. Niggaz (Bring the Pain 1996)

